events.js:174
      throw er; // Unhandled 'error' event
      ^

Error: listen EACCES: permission denied 0.0.0.0:80
    at Server.setupListenHandle [as _listen2] (net.js:1253:19)
    at listenInCluster (net.js:1318:12)
    at Server.listen (net.js:1405:7)
    at Function.listen (/home/ben/mealplanner/node_modules/express/lib/application.js:618:24)
    at Object.<anonymous> (/home/ben/mealplanner/server.js:17:5)
    at Module._compile (internal/modules/cjs/loader.js:701:30)
    at Object.Module._extensions..js (internal/modules/cjs/loader.js:712:10)
    at Module.load (internal/modules/cjs/loader.js:600:32)
    at tryModuleLoad (internal/modules/cjs/loader.js:539:12)
    at Function.Module._load (internal/modules/cjs/loader.js:531:3)
Emitted 'error' event at:
    at emitErrorNT (net.js:1297:8)
    at process._tickCallback (internal/process/next_tick.js:63:19)
    at Function.Module.runMain (internal/modules/cjs/loader.js:757:11)
    at startup (internal/bootstrap/node.js:283:19)
    at bootstrapNodeJSCore (internal/bootstrap/node.js:622:3)
